<?xml version="1.0" encoding="UTF-8"?>
<!-- Generated by org.testng.reporters.JUnitXMLReporter -->
<testsuite hostname="DESKTOP-TSU97K6" ignored="1" name="Default test" tests="10" failures="0" timestamp="2021-05-23T07:31:39 EET" time="2.244" errors="0">
  <testcase name="SuccessLogin" time="0.546" classname="tests.CheckoutOverviewTest"/>
  <testcase name="AddItemUpdateCartbadge" time="0.234" classname="tests.CheckoutOverviewTest"/>
  <testcase name="OpenCartPage" time="0.12" classname="tests.CheckoutOverviewTest"/>
  <testcase name="ProceedToCheckoutInfo" time="0.102" classname="tests.CheckoutOverviewTest"/>
  <testcase name="ProceedToCheckoutOverview" time="0.559" classname="tests.CheckoutOverviewTest"/>
  <testcase name="CheckPaymentInfo" time="0.04" classname="tests.CheckoutOverviewTest"/>
  <testcase name="CheckShippingInfo" time="0.028" classname="tests.CheckoutOverviewTest"/>
  <testcase name="CheckTax" time="0.028" classname="tests.CheckoutOverviewTest"/>
  <testcase name="CheckCancelingCheckout" time="0.103" classname="tests.CheckoutOverviewTest"/>
  <testcase name="CheckFinishCheckout" time="0.409" classname="tests.CheckoutOverviewTest"/>
  <testcase name="CheckTotalCost" time="0.0" classname="tests.CheckoutOverviewTest">
    <ignored/>
  </testcase> <!-- CheckTotalCost -->
</testsuite> <!-- Default test -->
