<?xml version="1.0" encoding="UTF-8"?>
<!-- Generated by org.testng.reporters.JUnitXMLReporter -->
<testsuite hostname="DESKTOP-TSU97K6" ignored="0" name="Default test" tests="7" failures="0" timestamp="2021-05-25T15:44:37 EET" time="2.53" errors="0">
  <testcase name="SuccessLogin" time="0.941" classname="tests.CartPageTest"/>
  <testcase name="AddItemUpdateCartbadge" time="0.432" classname="tests.CartPageTest"/>
  <testcase name="OpenCartPage" time="0.17" classname="tests.CartPageTest"/>
  <testcase name="UpdateQty" time="0.085" classname="tests.CartPageTest"/>
  <testcase name="CheckRemoveItems" time="0.309" classname="tests.CartPageTest"/>
  <testcase name="CheckContinueShopping" time="0.094" classname="tests.CartPageTest"/>
  <testcase name="ProceedToCheckoutFromCartPage" time="0.413" classname="tests.CartPageTest"/>
</testsuite> <!-- Default test -->
