<?xml version="1.0" encoding="UTF-8"?>
<testng-results skipped="0" failed="0" ignored="7" total="31" passed="24">
  <reporter-output>
  </reporter-output>
  <suite name="SauceDemo Regression Suite" duration-ms="7688" started-at="2021-05-25T15:53:14 EET" finished-at="2021-05-25T15:53:22 EET">
    <groups>
    </groups>
    <test name="Regression Test" duration-ms="7688" started-at="2021-05-25T15:53:14 EET" finished-at="2021-05-25T15:53:22 EET">
      <class name="tests.CartPageTest">
        <test-method status="PASS" signature="SuccessLogin()[pri:1, instance:tests.CartPageTest@1d8d30f7]" name="SuccessLogin" duration-ms="595" started-at="2021-05-25T15:53:18 EET" finished-at="2021-05-25T15:53:18 EET">
          <reporter-output>
          </reporter-output>
        </test-method> <!-- SuccessLogin -->
        <test-method status="PASS" signature="screenshotOnFailure(org.testng.ITestResult)[pri:0, instance:tests.CartPageTest@1d8d30f7]" name="screenshotOnFailure" is-config="true" duration-ms="1" started-at="2021-05-25T15:53:18 EET" finished-at="2021-05-25T15:53:18 EET">
          <params>
            <param index="0">
              <value>
                <![CDATA[[TestResult name=SuccessLogin status=SUCCESS method=CartPageTest.SuccessLogin()[pri:1, instance:tests.CartPageTest@1d8d30f7] output={null}]]]>
              </value>
            </param>
          </params>
          <reporter-output>
          </reporter-output>
        </test-method> <!-- screenshotOnFailure -->
        <test-method status="PASS" signature="AddItemUpdateCartbadge()[pri:2, instance:tests.CartPageTest@1d8d30f7]" name="AddItemUpdateCartbadge" duration-ms="398" started-at="2021-05-25T15:53:18 EET" finished-at="2021-05-25T15:53:19 EET">
          <reporter-output>
          </reporter-output>
        </test-method> <!-- AddItemUpdateCartbadge -->
        <test-method status="PASS" signature="screenshotOnFailure(org.testng.ITestResult)[pri:0, instance:tests.CartPageTest@1d8d30f7]" name="screenshotOnFailure" is-config="true" duration-ms="1" started-at="2021-05-25T15:53:19 EET" finished-at="2021-05-25T15:53:19 EET">
          <params>
            <param index="0">
              <value>
                <![CDATA[[TestResult name=AddItemUpdateCartbadge status=SUCCESS method=CartPageTest.AddItemUpdateCartbadge()[pri:2, instance:tests.CartPageTest@1d8d30f7] output={null}]]]>
              </value>
            </param>
          </params>
          <reporter-output>
          </reporter-output>
        </test-method> <!-- screenshotOnFailure -->
        <test-method status="PASS" signature="OpenCartPage()[pri:3, instance:tests.CartPageTest@1d8d30f7]" name="OpenCartPage" duration-ms="145" started-at="2021-05-25T15:53:19 EET" finished-at="2021-05-25T15:53:19 EET">
          <reporter-output>
          </reporter-output>
        </test-method> <!-- OpenCartPage -->
        <test-method status="PASS" signature="screenshotOnFailure(org.testng.ITestResult)[pri:0, instance:tests.CartPageTest@1d8d30f7]" name="screenshotOnFailure" is-config="true" duration-ms="1" started-at="2021-05-25T15:53:19 EET" finished-at="2021-05-25T15:53:19 EET">
          <params>
            <param index="0">
              <value>
                <![CDATA[[TestResult name=OpenCartPage status=SUCCESS method=CartPageTest.OpenCartPage()[pri:3, instance:tests.CartPageTest@1d8d30f7] output={null}]]]>
              </value>
            </param>
          </params>
          <reporter-output>
          </reporter-output>
        </test-method> <!-- screenshotOnFailure -->
        <test-method status="PASS" signature="UpdateQty()[pri:4, instance:tests.CartPageTest@1d8d30f7]" name="UpdateQty" duration-ms="81" started-at="2021-05-25T15:53:19 EET" finished-at="2021-05-25T15:53:19 EET">
          <reporter-output>
          </reporter-output>
        </test-method> <!-- UpdateQty -->
        <test-method status="PASS" signature="screenshotOnFailure(org.testng.ITestResult)[pri:0, instance:tests.CartPageTest@1d8d30f7]" name="screenshotOnFailure" is-config="true" duration-ms="1" started-at="2021-05-25T15:53:19 EET" finished-at="2021-05-25T15:53:19 EET">
          <params>
            <param index="0">
              <value>
                <![CDATA[[TestResult name=UpdateQty status=SUCCESS method=CartPageTest.UpdateQty()[pri:4, instance:tests.CartPageTest@1d8d30f7] output={null}]]]>
              </value>
            </param>
          </params>
          <reporter-output>
          </reporter-output>
        </test-method> <!-- screenshotOnFailure -->
        <test-method status="PASS" signature="CheckRemoveItems()[pri:5, instance:tests.CartPageTest@1d8d30f7]" name="CheckRemoveItems" duration-ms="295" started-at="2021-05-25T15:53:19 EET" finished-at="2021-05-25T15:53:19 EET">
          <reporter-output>
          </reporter-output>
        </test-method> <!-- CheckRemoveItems -->
        <test-method status="PASS" signature="screenshotOnFailure(org.testng.ITestResult)[pri:0, instance:tests.CartPageTest@1d8d30f7]" name="screenshotOnFailure" is-config="true" duration-ms="0" started-at="2021-05-25T15:53:19 EET" finished-at="2021-05-25T15:53:19 EET">
          <params>
            <param index="0">
              <value>
                <![CDATA[[TestResult name=CheckRemoveItems status=SUCCESS method=CartPageTest.CheckRemoveItems()[pri:5, instance:tests.CartPageTest@1d8d30f7] output={null}]]]>
              </value>
            </param>
          </params>
          <reporter-output>
          </reporter-output>
        </test-method> <!-- screenshotOnFailure -->
        <test-method status="PASS" signature="CheckContinueShopping()[pri:6, instance:tests.CartPageTest@1d8d30f7]" name="CheckContinueShopping" duration-ms="93" started-at="2021-05-25T15:53:19 EET" finished-at="2021-05-25T15:53:19 EET">
          <reporter-output>
          </reporter-output>
        </test-method> <!-- CheckContinueShopping -->
        <test-method status="PASS" signature="screenshotOnFailure(org.testng.ITestResult)[pri:0, instance:tests.CartPageTest@1d8d30f7]" name="screenshotOnFailure" is-config="true" duration-ms="1" started-at="2021-05-25T15:53:19 EET" finished-at="2021-05-25T15:53:19 EET">
          <params>
            <param index="0">
              <value>
                <![CDATA[[TestResult name=CheckContinueShopping status=SUCCESS method=CartPageTest.CheckContinueShopping()[pri:6, instance:tests.CartPageTest@1d8d30f7] output={null}]]]>
              </value>
            </param>
          </params>
          <reporter-output>
          </reporter-output>
        </test-method> <!-- screenshotOnFailure -->
        <test-method status="PASS" signature="ProceedToCheckoutFromCartPage()[pri:7, instance:tests.CartPageTest@1d8d30f7]" name="ProceedToCheckoutFromCartPage" duration-ms="289" started-at="2021-05-25T15:53:19 EET" finished-at="2021-05-25T15:53:20 EET">
          <reporter-output>
          </reporter-output>
        </test-method> <!-- ProceedToCheckoutFromCartPage -->
        <test-method status="PASS" signature="screenshotOnFailure(org.testng.ITestResult)[pri:0, instance:tests.CartPageTest@1d8d30f7]" name="screenshotOnFailure" is-config="true" duration-ms="2" started-at="2021-05-25T15:53:20 EET" finished-at="2021-05-25T15:53:20 EET">
          <params>
            <param index="0">
              <value>
                <![CDATA[[TestResult name=ProceedToCheckoutFromCartPage status=SUCCESS method=CartPageTest.ProceedToCheckoutFromCartPage()[pri:7, instance:tests.CartPageTest@1d8d30f7] output={null}]]]>
              </value>
            </param>
          </params>
          <reporter-output>
          </reporter-output>
        </test-method> <!-- screenshotOnFailure -->
      </class> <!-- tests.CartPageTest -->
      <class name="tests.CheckoutInfoTest">
        <test-method status="PASS" signature="FirstNameISRequired()[pri:4, instance:tests.CheckoutInfoTest@3e57cd70]" name="FirstNameISRequired" duration-ms="396" started-at="2021-05-25T15:53:20 EET" finished-at="2021-05-25T15:53:20 EET">
          <reporter-output>
          </reporter-output>
        </test-method> <!-- FirstNameISRequired -->
        <test-method status="PASS" signature="screenshotOnFailure(org.testng.ITestResult)[pri:0, instance:tests.CheckoutInfoTest@3e57cd70]" name="screenshotOnFailure" is-config="true" duration-ms="0" started-at="2021-05-25T15:53:20 EET" finished-at="2021-05-25T15:53:20 EET">
          <params>
            <param index="0">
              <value>
                <![CDATA[[TestResult name=FirstNameISRequired status=SUCCESS method=CheckoutInfoTest.FirstNameISRequired()[pri:4, instance:tests.CheckoutInfoTest@3e57cd70] output={null}]]]>
              </value>
            </param>
          </params>
          <reporter-output>
          </reporter-output>
        </test-method> <!-- screenshotOnFailure -->
        <test-method status="PASS" signature="CheckCancelChkoutInfo()[pri:5, instance:tests.CheckoutInfoTest@3e57cd70]" name="CheckCancelChkoutInfo" duration-ms="81" started-at="2021-05-25T15:53:20 EET" depends-on-methods="tests.CheckoutInfoTest.FirstNameISRequired" finished-at="2021-05-25T15:53:20 EET">
          <reporter-output>
          </reporter-output>
        </test-method> <!-- CheckCancelChkoutInfo -->
        <test-method status="PASS" signature="screenshotOnFailure(org.testng.ITestResult)[pri:0, instance:tests.CheckoutInfoTest@3e57cd70]" name="screenshotOnFailure" is-config="true" duration-ms="1" started-at="2021-05-25T15:53:20 EET" finished-at="2021-05-25T15:53:20 EET">
          <params>
            <param index="0">
              <value>
                <![CDATA[[TestResult name=CheckCancelChkoutInfo status=SUCCESS method=CheckoutInfoTest.CheckCancelChkoutInfo()[pri:5, instance:tests.CheckoutInfoTest@3e57cd70] output={null}]]]>
              </value>
            </param>
          </params>
          <reporter-output>
          </reporter-output>
        </test-method> <!-- screenshotOnFailure -->
        <test-method status="PASS" signature="LastNameISRequired()[pri:6, instance:tests.CheckoutInfoTest@3e57cd70]" name="LastNameISRequired" duration-ms="377" started-at="2021-05-25T15:53:20 EET" finished-at="2021-05-25T15:53:21 EET">
          <reporter-output>
          </reporter-output>
        </test-method> <!-- LastNameISRequired -->
        <test-method status="PASS" signature="screenshotOnFailure(org.testng.ITestResult)[pri:0, instance:tests.CheckoutInfoTest@3e57cd70]" name="screenshotOnFailure" is-config="true" duration-ms="2" started-at="2021-05-25T15:53:21 EET" finished-at="2021-05-25T15:53:21 EET">
          <params>
            <param index="0">
              <value>
                <![CDATA[[TestResult name=LastNameISRequired status=SUCCESS method=CheckoutInfoTest.LastNameISRequired()[pri:6, instance:tests.CheckoutInfoTest@3e57cd70] output={null}]]]>
              </value>
            </param>
          </params>
          <reporter-output>
          </reporter-output>
        </test-method> <!-- screenshotOnFailure -->
        <test-method status="PASS" signature="PostalCodeISRequired()[pri:7, instance:tests.CheckoutInfoTest@3e57cd70]" name="PostalCodeISRequired" duration-ms="557" started-at="2021-05-25T15:53:21 EET" finished-at="2021-05-25T15:53:21 EET">
          <reporter-output>
          </reporter-output>
        </test-method> <!-- PostalCodeISRequired -->
        <test-method status="PASS" signature="screenshotOnFailure(org.testng.ITestResult)[pri:0, instance:tests.CheckoutInfoTest@3e57cd70]" name="screenshotOnFailure" is-config="true" duration-ms="0" started-at="2021-05-25T15:53:21 EET" finished-at="2021-05-25T15:53:21 EET">
          <params>
            <param index="0">
              <value>
                <![CDATA[[TestResult name=PostalCodeISRequired status=SUCCESS method=CheckoutInfoTest.PostalCodeISRequired()[pri:7, instance:tests.CheckoutInfoTest@3e57cd70] output={null}]]]>
              </value>
            </param>
          </params>
          <reporter-output>
          </reporter-output>
        </test-method> <!-- screenshotOnFailure -->
        <test-method status="PASS" signature="ProceedToCheckoutOverviewPage()[pri:8, instance:tests.CheckoutInfoTest@3e57cd70]" name="ProceedToCheckoutOverviewPage" duration-ms="418" started-at="2021-05-25T15:53:21 EET" finished-at="2021-05-25T15:53:21 EET">
          <reporter-output>
          </reporter-output>
        </test-method> <!-- ProceedToCheckoutOverviewPage -->
        <test-method status="PASS" signature="screenshotOnFailure(org.testng.ITestResult)[pri:0, instance:tests.CheckoutInfoTest@3e57cd70]" name="screenshotOnFailure" is-config="true" duration-ms="1" started-at="2021-05-25T15:53:21 EET" finished-at="2021-05-25T15:53:21 EET">
          <params>
            <param index="0">
              <value>
                <![CDATA[[TestResult name=ProceedToCheckoutOverviewPage status=SUCCESS method=CheckoutInfoTest.ProceedToCheckoutOverviewPage()[pri:8, instance:tests.CheckoutInfoTest@3e57cd70] output={null}]]]>
              </value>
            </param>
          </params>
          <reporter-output>
          </reporter-output>
        </test-method> <!-- screenshotOnFailure -->
      </class> <!-- tests.CheckoutInfoTest -->
      <class name="tests.UserLoginTest">
        <test-method status="PASS" signature="startDriver(java.lang.String)[pri:0, instance:tests.UserLoginTest@3d921e20]" name="startDriver" is-config="true" duration-ms="2864" started-at="2021-05-25T15:53:11 EET" finished-at="2021-05-25T15:53:14 EET">
          <params>
            <param index="0">
              <value>
                <![CDATA[chrome]]>
              </value>
            </param>
          </params>
          <reporter-output>
          </reporter-output>
        </test-method> <!-- startDriver -->
        <test-method status="PASS" signature="SuccessLogin()[pri:1, instance:tests.UserLoginTest@3d921e20]" name="SuccessLogin" duration-ms="474" started-at="2021-05-25T15:53:14 EET" finished-at="2021-05-25T15:53:15 EET">
          <reporter-output>
          </reporter-output>
        </test-method> <!-- SuccessLogin -->
        <test-method status="PASS" signature="screenshotOnFailure(org.testng.ITestResult)[pri:0, instance:tests.UserLoginTest@3d921e20]" name="screenshotOnFailure" is-config="true" duration-ms="2" started-at="2021-05-25T15:53:15 EET" finished-at="2021-05-25T15:53:15 EET">
          <params>
            <param index="0">
              <value>
                <![CDATA[[TestResult name=SuccessLogin status=SUCCESS method=UserLoginTest.SuccessLogin()[pri:1, instance:tests.UserLoginTest@3d921e20] output={null}]]]>
              </value>
            </param>
          </params>
          <reporter-output>
          </reporter-output>
        </test-method> <!-- screenshotOnFailure -->
        <test-method status="PASS" signature="LoggedUserCanLogout()[pri:2, instance:tests.UserLoginTest@3d921e20]" name="LoggedUserCanLogout" duration-ms="412" started-at="2021-05-25T15:53:15 EET" depends-on-methods="tests.UserLoginTest.SuccessLogin" finished-at="2021-05-25T15:53:15 EET">
          <reporter-output>
          </reporter-output>
        </test-method> <!-- LoggedUserCanLogout -->
        <test-method status="PASS" signature="screenshotOnFailure(org.testng.ITestResult)[pri:0, instance:tests.UserLoginTest@3d921e20]" name="screenshotOnFailure" is-config="true" duration-ms="0" started-at="2021-05-25T15:53:15 EET" finished-at="2021-05-25T15:53:15 EET">
          <params>
            <param index="0">
              <value>
                <![CDATA[[TestResult name=LoggedUserCanLogout status=SUCCESS method=UserLoginTest.LoggedUserCanLogout()[pri:2, instance:tests.UserLoginTest@3d921e20] output={null}]]]>
              </value>
            </param>
          </params>
          <reporter-output>
          </reporter-output>
        </test-method> <!-- screenshotOnFailure -->
        <test-method status="PASS" signature="passwordShouldBeRequired()[pri:3, instance:tests.UserLoginTest@3d921e20]" name="passwordShouldBeRequired" duration-ms="493" started-at="2021-05-25T15:53:15 EET" depends-on-methods="tests.UserLoginTest.LoggedUserCanLogout" finished-at="2021-05-25T15:53:16 EET">
          <reporter-output>
          </reporter-output>
        </test-method> <!-- passwordShouldBeRequired -->
        <test-method status="PASS" signature="screenshotOnFailure(org.testng.ITestResult)[pri:0, instance:tests.UserLoginTest@3d921e20]" name="screenshotOnFailure" is-config="true" duration-ms="0" started-at="2021-05-25T15:53:16 EET" finished-at="2021-05-25T15:53:16 EET">
          <params>
            <param index="0">
              <value>
                <![CDATA[[TestResult name=passwordShouldBeRequired status=SUCCESS method=UserLoginTest.passwordShouldBeRequired()[pri:3, instance:tests.UserLoginTest@3d921e20] output={null}]]]>
              </value>
            </param>
          </params>
          <reporter-output>
          </reporter-output>
        </test-method> <!-- screenshotOnFailure -->
        <test-method status="PASS" signature="lockedUser()[pri:4, instance:tests.UserLoginTest@3d921e20]" name="lockedUser" duration-ms="604" started-at="2021-05-25T15:53:16 EET" depends-on-methods="tests.UserLoginTest.LoggedUserCanLogout" finished-at="2021-05-25T15:53:16 EET">
          <reporter-output>
          </reporter-output>
        </test-method> <!-- lockedUser -->
        <test-method status="PASS" signature="screenshotOnFailure(org.testng.ITestResult)[pri:0, instance:tests.UserLoginTest@3d921e20]" name="screenshotOnFailure" is-config="true" duration-ms="1" started-at="2021-05-25T15:53:16 EET" finished-at="2021-05-25T15:53:16 EET">
          <params>
            <param index="0">
              <value>
                <![CDATA[[TestResult name=lockedUser status=SUCCESS method=UserLoginTest.lockedUser()[pri:4, instance:tests.UserLoginTest@3d921e20] output={null}]]]>
              </value>
            </param>
          </params>
          <reporter-output>
          </reporter-output>
        </test-method> <!-- screenshotOnFailure -->
        <test-method status="PASS" signature="userNameShouldBeRequired()[pri:5, instance:tests.UserLoginTest@3d921e20]" name="userNameShouldBeRequired" duration-ms="476" started-at="2021-05-25T15:53:16 EET" finished-at="2021-05-25T15:53:17 EET">
          <reporter-output>
          </reporter-output>
        </test-method> <!-- userNameShouldBeRequired -->
        <test-method status="PASS" signature="screenshotOnFailure(org.testng.ITestResult)[pri:0, instance:tests.UserLoginTest@3d921e20]" name="screenshotOnFailure" is-config="true" duration-ms="0" started-at="2021-05-25T15:53:17 EET" finished-at="2021-05-25T15:53:17 EET">
          <params>
            <param index="0">
              <value>
                <![CDATA[[TestResult name=userNameShouldBeRequired status=SUCCESS method=UserLoginTest.userNameShouldBeRequired()[pri:5, instance:tests.UserLoginTest@3d921e20] output={null}]]]>
              </value>
            </param>
          </params>
          <reporter-output>
          </reporter-output>
        </test-method> <!-- screenshotOnFailure -->
        <test-method status="PASS" signature="incorrectPassword()[pri:6, instance:tests.UserLoginTest@3d921e20]" name="incorrectPassword" duration-ms="688" started-at="2021-05-25T15:53:17 EET" depends-on-methods="tests.UserLoginTest.LoggedUserCanLogout" finished-at="2021-05-25T15:53:17 EET">
          <reporter-output>
          </reporter-output>
        </test-method> <!-- incorrectPassword -->
        <test-method status="PASS" signature="screenshotOnFailure(org.testng.ITestResult)[pri:0, instance:tests.UserLoginTest@3d921e20]" name="screenshotOnFailure" is-config="true" duration-ms="0" started-at="2021-05-25T15:53:17 EET" finished-at="2021-05-25T15:53:17 EET">
          <params>
            <param index="0">
              <value>
                <![CDATA[[TestResult name=incorrectPassword status=SUCCESS method=UserLoginTest.incorrectPassword()[pri:6, instance:tests.UserLoginTest@3d921e20] output={null}]]]>
              </value>
            </param>
          </params>
          <reporter-output>
          </reporter-output>
        </test-method> <!-- screenshotOnFailure -->
        <test-method status="PASS" signature="LoginWithEmptyAcess()[pri:7, instance:tests.UserLoginTest@3d921e20]" name="LoginWithEmptyAcess" duration-ms="400" started-at="2021-05-25T15:53:17 EET" depends-on-methods="tests.UserLoginTest.LoggedUserCanLogout" finished-at="2021-05-25T15:53:18 EET">
          <reporter-output>
          </reporter-output>
        </test-method> <!-- LoginWithEmptyAcess -->
        <test-method status="PASS" signature="screenshotOnFailure(org.testng.ITestResult)[pri:0, instance:tests.UserLoginTest@3d921e20]" name="screenshotOnFailure" is-config="true" duration-ms="1" started-at="2021-05-25T15:53:18 EET" finished-at="2021-05-25T15:53:18 EET">
          <params>
            <param index="0">
              <value>
                <![CDATA[[TestResult name=LoginWithEmptyAcess status=SUCCESS method=UserLoginTest.LoginWithEmptyAcess()[pri:7, instance:tests.UserLoginTest@3d921e20] output={null}]]]>
              </value>
            </param>
          </params>
          <reporter-output>
          </reporter-output>
        </test-method> <!-- screenshotOnFailure -->
        <test-method status="PASS" signature="stopDriver()[pri:0, instance:tests.UserLoginTest@3d921e20]" name="stopDriver" is-config="true" duration-ms="796" started-at="2021-05-25T15:53:22 EET" finished-at="2021-05-25T15:53:23 EET">
          <reporter-output>
          </reporter-output>
        </test-method> <!-- stopDriver -->
      </class> <!-- tests.UserLoginTest -->
      <class name="tests.CheckoutOverviewTest">
        <test-method status="PASS" signature="CheckPaymentInfo()[pri:6, instance:tests.CheckoutOverviewTest@9a7504c]" name="CheckPaymentInfo" duration-ms="34" started-at="2021-05-25T15:53:21 EET" finished-at="2021-05-25T15:53:22 EET">
          <reporter-output>
          </reporter-output>
        </test-method> <!-- CheckPaymentInfo -->
        <test-method status="PASS" signature="screenshotOnFailure(org.testng.ITestResult)[pri:0, instance:tests.CheckoutOverviewTest@9a7504c]" name="screenshotOnFailure" is-config="true" duration-ms="1" started-at="2021-05-25T15:53:22 EET" finished-at="2021-05-25T15:53:22 EET">
          <params>
            <param index="0">
              <value>
                <![CDATA[[TestResult name=CheckPaymentInfo status=SUCCESS method=CheckoutOverviewTest.CheckPaymentInfo()[pri:6, instance:tests.CheckoutOverviewTest@9a7504c] output={null}]]]>
              </value>
            </param>
          </params>
          <reporter-output>
          </reporter-output>
        </test-method> <!-- screenshotOnFailure -->
        <test-method status="PASS" signature="CheckShippingInfo()[pri:7, instance:tests.CheckoutOverviewTest@9a7504c]" name="CheckShippingInfo" duration-ms="29" started-at="2021-05-25T15:53:22 EET" finished-at="2021-05-25T15:53:22 EET">
          <reporter-output>
          </reporter-output>
        </test-method> <!-- CheckShippingInfo -->
        <test-method status="PASS" signature="screenshotOnFailure(org.testng.ITestResult)[pri:0, instance:tests.CheckoutOverviewTest@9a7504c]" name="screenshotOnFailure" is-config="true" duration-ms="1" started-at="2021-05-25T15:53:22 EET" finished-at="2021-05-25T15:53:22 EET">
          <params>
            <param index="0">
              <value>
                <![CDATA[[TestResult name=CheckShippingInfo status=SUCCESS method=CheckoutOverviewTest.CheckShippingInfo()[pri:7, instance:tests.CheckoutOverviewTest@9a7504c] output={null}]]]>
              </value>
            </param>
          </params>
          <reporter-output>
          </reporter-output>
        </test-method> <!-- screenshotOnFailure -->
        <test-method status="PASS" signature="CheckTax()[pri:9, instance:tests.CheckoutOverviewTest@9a7504c]" name="CheckTax" duration-ms="31" started-at="2021-05-25T15:53:22 EET" finished-at="2021-05-25T15:53:22 EET">
          <reporter-output>
          </reporter-output>
        </test-method> <!-- CheckTax -->
        <test-method status="PASS" signature="screenshotOnFailure(org.testng.ITestResult)[pri:0, instance:tests.CheckoutOverviewTest@9a7504c]" name="screenshotOnFailure" is-config="true" duration-ms="0" started-at="2021-05-25T15:53:22 EET" finished-at="2021-05-25T15:53:22 EET">
          <params>
            <param index="0">
              <value>
                <![CDATA[[TestResult name=CheckTax status=SUCCESS method=CheckoutOverviewTest.CheckTax()[pri:9, instance:tests.CheckoutOverviewTest@9a7504c] output={null}]]]>
              </value>
            </param>
          </params>
          <reporter-output>
          </reporter-output>
        </test-method> <!-- screenshotOnFailure -->
        <test-method status="PASS" signature="CheckCancelingCheckout()[pri:10, instance:tests.CheckoutOverviewTest@9a7504c]" name="CheckCancelingCheckout" duration-ms="78" started-at="2021-05-25T15:53:22 EET" finished-at="2021-05-25T15:53:22 EET">
          <reporter-output>
          </reporter-output>
        </test-method> <!-- CheckCancelingCheckout -->
        <test-method status="PASS" signature="screenshotOnFailure(org.testng.ITestResult)[pri:0, instance:tests.CheckoutOverviewTest@9a7504c]" name="screenshotOnFailure" is-config="true" duration-ms="0" started-at="2021-05-25T15:53:22 EET" finished-at="2021-05-25T15:53:22 EET">
          <params>
            <param index="0">
              <value>
                <![CDATA[[TestResult name=CheckCancelingCheckout status=SUCCESS method=CheckoutOverviewTest.CheckCancelingCheckout()[pri:10, instance:tests.CheckoutOverviewTest@9a7504c] output={null}]]]>
              </value>
            </param>
          </params>
          <reporter-output>
          </reporter-output>
        </test-method> <!-- screenshotOnFailure -->
        <test-method status="PASS" signature="CheckFinishCheckout()[pri:11, instance:tests.CheckoutOverviewTest@9a7504c]" name="CheckFinishCheckout" duration-ms="127" started-at="2021-05-25T15:53:22 EET" finished-at="2021-05-25T15:53:22 EET">
          <reporter-output>
          </reporter-output>
        </test-method> <!-- CheckFinishCheckout -->
        <test-method status="PASS" signature="screenshotOnFailure(org.testng.ITestResult)[pri:0, instance:tests.CheckoutOverviewTest@9a7504c]" name="screenshotOnFailure" is-config="true" duration-ms="0" started-at="2021-05-25T15:53:22 EET" finished-at="2021-05-25T15:53:22 EET">
          <params>
            <param index="0">
              <value>
                <![CDATA[[TestResult name=CheckFinishCheckout status=SUCCESS method=CheckoutOverviewTest.CheckFinishCheckout()[pri:11, instance:tests.CheckoutOverviewTest@9a7504c] output={null}]]]>
              </value>
            </param>
          </params>
          <reporter-output>
          </reporter-output>
        </test-method> <!-- screenshotOnFailure -->
      </class> <!-- tests.CheckoutOverviewTest -->
    </test> <!-- Regression Test -->
  </suite> <!-- SauceDemo Regression Suite -->
</testng-results>
