<?xml version="1.0" encoding="UTF-8"?>
<!-- Generated by org.testng.reporters.JUnitXMLReporter -->
<testsuite hostname="DESKTOP-TSU97K6" ignored="7" name="Regression Test" tests="24" failures="0" timestamp="2021-05-25T15:53:22 EET" time="7.688" errors="0">
  <testcase name="SuccessLogin" time="0.474" classname="tests.UserLoginTest"/>
  <testcase name="LoggedUserCanLogout" time="0.412" classname="tests.UserLoginTest"/>
  <testcase name="passwordShouldBeRequired" time="0.493" classname="tests.UserLoginTest"/>
  <testcase name="lockedUser" time="0.604" classname="tests.UserLoginTest"/>
  <testcase name="userNameShouldBeRequired" time="0.476" classname="tests.UserLoginTest"/>
  <testcase name="incorrectPassword" time="0.688" classname="tests.UserLoginTest"/>
  <testcase name="LoginWithEmptyAcess" time="0.4" classname="tests.UserLoginTest"/>
  <testcase name="SuccessLogin" time="0.595" classname="tests.CartPageTest"/>
  <testcase name="AddItemUpdateCartbadge" time="0.398" classname="tests.CartPageTest"/>
  <testcase name="OpenCartPage" time="0.145" classname="tests.CartPageTest"/>
  <testcase name="UpdateQty" time="0.081" classname="tests.CartPageTest"/>
  <testcase name="CheckRemoveItems" time="0.295" classname="tests.CartPageTest"/>
  <testcase name="CheckContinueShopping" time="0.093" classname="tests.CartPageTest"/>
  <testcase name="ProceedToCheckoutFromCartPage" time="0.289" classname="tests.CartPageTest"/>
  <testcase name="FirstNameISRequired" time="0.396" classname="tests.CheckoutInfoTest"/>
  <testcase name="CheckCancelChkoutInfo" time="0.081" classname="tests.CheckoutInfoTest"/>
  <testcase name="LastNameISRequired" time="0.377" classname="tests.CheckoutInfoTest"/>
  <testcase name="PostalCodeISRequired" time="0.557" classname="tests.CheckoutInfoTest"/>
  <testcase name="ProceedToCheckoutOverviewPage" time="0.418" classname="tests.CheckoutInfoTest"/>
  <testcase name="CheckPaymentInfo" time="0.034" classname="tests.CheckoutOverviewTest"/>
  <testcase name="CheckShippingInfo" time="0.029" classname="tests.CheckoutOverviewTest"/>
  <testcase name="CheckTax" time="0.031" classname="tests.CheckoutOverviewTest"/>
  <testcase name="CheckCancelingCheckout" time="0.078" classname="tests.CheckoutOverviewTest"/>
  <testcase name="CheckFinishCheckout" time="0.127" classname="tests.CheckoutOverviewTest"/>
  <testcase name="@BeforeSuite startDriver" time="0.0" classname="tests.TestBase">
    <ignored/>
  </testcase> <!-- @BeforeSuite startDriver -->
  <testcase name="@BeforeSuite startDriver" time="0.0" classname="tests.TestBase">
    <ignored/>
  </testcase> <!-- @BeforeSuite startDriver -->
  <testcase name="@BeforeSuite startDriver" time="0.0" classname="tests.TestBase">
    <ignored/>
  </testcase> <!-- @BeforeSuite startDriver -->
  <testcase name="CheckTotalCost" time="0.0" classname="tests.CheckoutOverviewTest">
    <ignored/>
  </testcase> <!-- CheckTotalCost -->
  <testcase name="@AfterSuite stopDriver" time="0.0" classname="tests.TestBase">
    <ignored/>
  </testcase> <!-- @AfterSuite stopDriver -->
  <testcase name="@AfterSuite stopDriver" time="0.0" classname="tests.TestBase">
    <ignored/>
  </testcase> <!-- @AfterSuite stopDriver -->
  <testcase name="@AfterSuite stopDriver" time="0.0" classname="tests.TestBase">
    <ignored/>
  </testcase> <!-- @AfterSuite stopDriver -->
</testsuite> <!-- Regression Test -->
